<?xml version="1.0" encoding="UTF-8"?>
<!-- Generated by org.testng.reporters.JUnitReportReporter -->
<testsuite hostname="LAPTOP-TUN1U03P" failures="0" tests="4" name="testcases.CarNameAndPriceTest" time="34.713" errors="0" timestamp="01 Jul 2023 15:48:52 GMT" skipped="0">
  <testcase classname="testcases.CarNameAndPriceTest" name="carNameAndPrice" time="5.795"/>
  <testcase classname="testcases.CarNameAndPriceTest" name="carNameAndPrice" time="17.486"/>
  <testcase classname="testcases.CarNameAndPriceTest" name="carNameAndPrice" time="6.007"/>
  <testcase classname="testcases.CarNameAndPriceTest" name="carNameAndPrice" time="5.425"/>
</testsuite> <!-- testcases.CarNameAndPriceTest -->
