<?xml version="1.0" encoding="UTF-8"?>
<!-- Generated by org.testng.reporters.JUnitReportReporter -->
<testsuite hostname="LAPTOP-TUN1U03P" failures="0" tests="4" name="testcases.FindNewCarsTest" time="0.013" errors="0" timestamp="01 Jul 2023 15:48:52 GMT" skipped="4">
  <testcase classname="testcases.FindNewCarsTest" name="findNewCarTest" time="0.010">
    <skipped/>
  </testcase> <!-- findNewCarTest -->
  <testcase classname="testcases.FindNewCarsTest" name="findNewCarTest" time="0.001">
    <skipped/>
  </testcase> <!-- findNewCarTest -->
  <testcase classname="testcases.FindNewCarsTest" name="findNewCarTest" time="0.001">
    <skipped/>
  </testcase> <!-- findNewCarTest -->
  <testcase classname="testcases.FindNewCarsTest" name="findNewCarTest" time="0.001">
    <skipped/>
  </testcase> <!-- findNewCarTest -->
</testsuite> <!-- testcases.FindNewCarsTest -->
